
-------------------------------------------------------------------------------
Parsing project file - D:\SteamLibrary\steamapps\common\DarkestDungeon\mods\Overlord Enhanced Edition\project.xml
Mod Data Directory = D:/SteamLibrary/steamapps/common/DarkestDungeon/mods/Overlord Enhanced Edition/

-------------------------------------------------------------------------------
Processing Map Files files...

-------------------------------------------------------------------------------
Running Localization...
Parsing localization/ainz.string_table.xml
Parsing localization/ainz_brazilian.string_table.xml
Parsing localization/ainz_czech.string_table.xml
Parsing localization/ainz_french.string_table.xml
Parsing localization/ainz_german.string_table.xml
Parsing localization/ainz_italian.string_table.xml
Parsing localization/ainz_japanese.string_table.xml
Parsing localization/ainz_koreana.string_table.xml
Parsing localization/ainz_koreanb.string_table.xml
Parsing localization/ainz_polish.string_table.xml
Parsing localization/ainz_russian.string_table.xml
Parsing localization/ainz_schinese.string_table.xml
Parsing localization/ainz_spanish.string_table.xml

Building Languages
Exporting .loc2 files

-------------------------------------------------------------------------------
Searching for preview icon file D:/SteamLibrary/steamapps/common/DarkestDungeon/mods/Overlord Enhanced Edition/preview_icon.png...FOUND!
<UploadMode> - Set to direct_upload


-------------------------------------------------------------------------------
Detected 2 unchanged files
The following files are unchanged and will be uploaded...
D:/SteamLibrary/steamapps/common/DarkestDungeon/mods/Overlord Enhanced Edition/overlays/poptext_hp_heal_dot.png
D:/SteamLibrary/steamapps/common/DarkestDungeon/mods/Overlord Enhanced Edition/overlays/tray_dot_hp_heal.png

-------------------------------------------------------------------------------
Modded files...

modes/radiant/campaign/town/districts/nazarick.districts_districts.json
campaign/town/buildings/nomad_wagon/com.nomad_wagon.building.json
heroes/ainz/ainz_A/anim/ainz.sprite.afflicted.png
heroes/ainz/ainz_A/anim/ainz.sprite.attack_flex.png
heroes/ainz/ainz_A/anim/ainz.sprite.attack_gore.png
heroes/ainz/ainz_A/anim/ainz.sprite.attack_melee.png
heroes/ainz/ainz_A/anim/ainz.sprite.attack_punch_right.png
heroes/ainz/ainz_A/anim/ainz.sprite.attack_stomp.png
heroes/ainz/ainz_A/anim/ainz.sprite.camp.png
heroes/ainz/ainz_A/anim/ainz.sprite.combat.png
heroes/ainz/ainz_A/anim/ainz.sprite.defend.png
heroes/ainz/ainz_A/anim/ainz.sprite.heroic.png
heroes/ainz/ainz_A/anim/ainz.sprite.idle.png
heroes/ainz/ainz_A/anim/ainz.sprite.investigate.png
heroes/ainz/ainz_A/anim/ainz.sprite.walk.png
raid/camping/skill_icons/icons_Blizzard/camp_skill_ainz_aura_of_despair.png
raid/camping/skill_icons/icons_Blizzard/camp_skill_ainz_paid_props.png
raid/camping/skill_icons/icons_Blizzard/camp_skill_ainz_scribe_scrolls.png
raid/camping/skill_icons/icons_Blizzard/camp_skill_ainz_world_domination.png
campaign/town/districts/ainz.districts_districts.json
campaign/town/town_event/town_event.image_ainz.png
heroes/ainz/ainz_A/ainz_portrait_roster.png
heroes/ainz/anim/ainz.sprite.afflicted.atlas
heroes/ainz/anim/ainz.sprite.afflicted.skel
heroes/ainz/anim/ainz.sprite.attack_flex.atlas
heroes/ainz/anim/ainz.sprite.attack_flex.skel
heroes/ainz/anim/ainz.sprite.attack_gore.atlas
heroes/ainz/anim/ainz.sprite.attack_gore.skel
heroes/ainz/anim/ainz.sprite.attack_melee.atlas
heroes/ainz/anim/ainz.sprite.attack_melee.skel
heroes/ainz/anim/ainz.sprite.attack_stomp.atlas
heroes/ainz/anim/ainz.sprite.attack_stomp.skel
heroes/ainz/anim/ainz.sprite.camp.atlas
heroes/ainz/anim/ainz.sprite.camp.skel
heroes/ainz/anim/ainz.sprite.combat.atlas
heroes/ainz/anim/ainz.sprite.combat.skel
heroes/ainz/anim/ainz.sprite.defend.atlas
heroes/ainz/anim/ainz.sprite.defend.skel
heroes/ainz/anim/ainz.sprite.heroic.atlas
heroes/ainz/anim/ainz.sprite.heroic.skel
heroes/ainz/anim/ainz.sprite.idle.atlas
heroes/ainz/anim/ainz.sprite.idle.skel
heroes/ainz/anim/ainz.sprite.investigate.atlas
heroes/ainz/anim/ainz.sprite.investigate.skel
heroes/ainz/anim/ainz.sprite.walk.atlas
heroes/ainz/anim/ainz.sprite.walk.skel
heroes/ainz/fx/ainz.sprite.ainz_teleport.atlas
heroes/ainz/fx/ainz.sprite.ainz_teleport.png
heroes/ainz/fx/ainz.sprite.ainz_teleport.skel
heroes/ainz/fx/ainz.sprite.battlefield_medicine_target.atlas
heroes/ainz/fx/ainz.sprite.battlefield_medicine_target.png
heroes/ainz/fx/ainz.sprite.battlefield_medicine_target.skel
heroes/ainz/fx/ainz.sprite.bloodlet.atlas
heroes/ainz/fx/ainz.sprite.bloodlet.png
heroes/ainz/fx/ainz.sprite.bloodlet.skel
heroes/ainz/fx/ainz.sprite.cleanse.atlas
heroes/ainz/fx/ainz.sprite.cleanse.png
heroes/ainz/fx/ainz.sprite.cleanse.skel
heroes/ainz/fx/ainz.sprite.detonate_target.atlas
heroes/ainz/fx/ainz.sprite.detonate_target.png
heroes/ainz/fx/ainz.sprite.detonate_target.skel
heroes/ainz/fx/ainz.sprite.disorienting_blast_target.atlas
heroes/ainz/fx/ainz.sprite.disorienting_blast_target.png
heroes/ainz/fx/ainz.sprite.disorienting_blast_target.skel
heroes/ainz/fx/ainz.sprite.disruptive_curse_target.atlas
heroes/ainz/fx/ainz.sprite.disruptive_curse_target.png
heroes/ainz/fx/ainz.sprite.disruptive_curse_target.skel
heroes/ainz/fx/ainz.sprite.drum_fear_target.atlas
heroes/ainz/fx/ainz.sprite.drum_fear_target.png
heroes/ainz/fx/ainz.sprite.drum_fear_target.skel
heroes/ainz/fx/ainz.sprite.flashbang.atlas
heroes/ainz/fx/ainz.sprite.flashbang.png
heroes/ainz/fx/ainz.sprite.flashbang.skel
heroes/ainz/fx/ainz.sprite.flashbang_target.atlas
heroes/ainz/fx/ainz.sprite.flashbang_target.png
heroes/ainz/fx/ainz.sprite.flashbang_target.skel
heroes/ainz/fx/ainz.sprite.gaze.atlas
heroes/ainz/fx/ainz.sprite.gaze.png
heroes/ainz/fx/ainz.sprite.gaze.skel
heroes/ainz/fx/ainz.sprite.gaze_target.atlas
heroes/ainz/fx/ainz.sprite.gaze_target.png
heroes/ainz/fx/ainz.sprite.gaze_target.skel
heroes/ainz/fx/ainz.sprite.judgement.atlas
heroes/ainz/fx/ainz.sprite.judgement.png
heroes/ainz/fx/ainz.sprite.judgement.skel
heroes/ainz/fx/ainz.sprite.judgement_target.atlas
heroes/ainz/fx/ainz.sprite.judgement_target.png
heroes/ainz/fx/ainz.sprite.judgement_target.skel
heroes/ainz/fx/ainz.sprite.map_radar.atlas
heroes/ainz/fx/ainz.sprite.map_radar.png
heroes/ainz/fx/ainz.sprite.map_radar.skel
heroes/ainz/fx/ainz.sprite.plague_grenade_target.atlas
heroes/ainz/fx/ainz.sprite.plague_grenade_target.png
heroes/ainz/fx/ainz.sprite.plague_grenade_target.skel
heroes/ainz/fx/ainz.sprite.poison_dart.atlas
heroes/ainz/fx/ainz.sprite.poison_dart.png
heroes/ainz/fx/ainz.sprite.poison_dart.skel
heroes/ainz/fx/ainz.sprite.poison_dart_target.atlas
heroes/ainz/fx/ainz.sprite.poison_dart_target.png
heroes/ainz/fx/ainz.sprite.poison_dart_target.skel
heroes/ainz/fx/ainz.sprite.rage.atlas
heroes/ainz/fx/ainz.sprite.rage.png
heroes/ainz/fx/ainz.sprite.rage.skel
heroes/ainz/fx/ainz.sprite.shadow_fade.atlas
heroes/ainz/fx/ainz.sprite.shadow_fade.png
heroes/ainz/fx/ainz.sprite.shadow_fade.skel
heroes/ainz/fx/ainz.sprite.shout_target.atlas
heroes/ainz/fx/ainz.sprite.shout_target.png
heroes/ainz/fx/ainz.sprite.shout_target.skel
heroes/ainz/fx/ainz.sprite.skull_toss_target.atlas
heroes/ainz/fx/ainz.sprite.skull_toss_target.png
heroes/ainz/fx/ainz.sprite.skull_toss_target.skel
heroes/ainz/fx/ainz.sprite.sniper_shot.atlas
heroes/ainz/fx/ainz.sprite.sniper_shot.png
heroes/ainz/fx/ainz.sprite.sniper_shot.skel
heroes/ainz/fx/ainz.sprite.sniper_shot_target.atlas
heroes/ainz/fx/ainz.sprite.sniper_shot_target.png
heroes/ainz/fx/ainz.sprite.sniper_shot_target.skel
heroes/ainz/fx/ainz.sprite.weakening_curse.atlas
heroes/ainz/fx/ainz.sprite.weakening_curse.png
heroes/ainz/fx/ainz.sprite.weakening_curse.skel
heroes/ainz/fx/ainz.sprite.weakening_curse_target.atlas
heroes/ainz/fx/ainz.sprite.weakening_curse_target.png
heroes/ainz/fx/ainz.sprite.weakening_curse_target.skel
heroes/ainz/fx/ainz.sprite.wyrd_reconstruction.atlas
heroes/ainz/fx/ainz.sprite.wyrd_reconstruction.png
heroes/ainz/fx/ainz.sprite.wyrd_reconstruction.skel
heroes/ainz/fx/ainz.sprite.wyrd_reconstruction_target.atlas
heroes/ainz/fx/ainz.sprite.wyrd_reconstruction_target.png
heroes/ainz/fx/ainz.sprite.wyrd_reconstruction_target.skel
heroes/ainz/icons_Blizzard/ainz.ability.eight.png
heroes/ainz/icons_Blizzard/ainz.ability.five.png
heroes/ainz/icons_Blizzard/ainz.ability.four.png
heroes/ainz/icons_Blizzard/ainz.ability.nine.png
heroes/ainz/icons_Blizzard/ainz.ability.one.png
heroes/ainz/icons_Blizzard/ainz.ability.seven.png
heroes/ainz/icons_Blizzard/ainz.ability.six.png
heroes/ainz/icons_Blizzard/ainz.ability.ten.png
heroes/ainz/icons_Blizzard/ainz.ability.three.png
heroes/ainz/icons_Blizzard/ainz.ability.two.png
heroes/ainz/icons_DreamChaser/ainz.ability.eight.png
heroes/ainz/icons_DreamChaser/ainz.ability.five.png
heroes/ainz/icons_DreamChaser/ainz.ability.four.png
heroes/ainz/icons_DreamChaser/ainz.ability.nine.png
heroes/ainz/icons_DreamChaser/ainz.ability.one.png
heroes/ainz/icons_DreamChaser/ainz.ability.seven.png
heroes/ainz/icons_DreamChaser/ainz.ability.six.png
heroes/ainz/icons_DreamChaser/ainz.ability.ten.png
heroes/ainz/icons_DreamChaser/ainz.ability.three.png
heroes/ainz/icons_DreamChaser/ainz.ability.two.png
heroes/ainz/icons_equip/eqp_armour_0.png
heroes/ainz/icons_equip/eqp_armour_1.png
heroes/ainz/icons_equip/eqp_armour_2.png
heroes/ainz/icons_equip/eqp_armour_3.png
heroes/ainz/icons_equip/eqp_armour_4.png
heroes/ainz/icons_equip/eqp_weapon_0.png
heroes/ainz/icons_equip/eqp_weapon_1.png
heroes/ainz/icons_equip/eqp_weapon_2.png
heroes/ainz/icons_equip/eqp_weapon_3.png
heroes/ainz/icons_equip/eqp_weapon_4.png
monsters/ainz_soul_essence_loot/ainz_soul_essence_loot_G/ainz_soul_essence_loot_G.art.darkest
monsters/ainz_soul_essence_loot/ainz_soul_essence_loot_G/ainz_soul_essence_loot_G.info.darkest
monsters/ainz_soul_essence_loot/anim/ainz_soul_essence_loot.sprite.combat.atlas
monsters/ainz_soul_essence_loot/anim/ainz_soul_essence_loot.sprite.combat.png
monsters/ainz_soul_essence_loot/anim/ainz_soul_essence_loot.sprite.combat.skel
monsters/ainz_soul_essence_loot/anim/ainz_soul_essence_loot.sprite.defend.atlas
monsters/ainz_soul_essence_loot/anim/ainz_soul_essence_loot.sprite.defend.png
monsters/ainz_soul_essence_loot/anim/ainz_soul_essence_loot.sprite.defend.skel
monsters/cell_white/cell_white_D/cell_white_D.info.darkest
monsters/drowned_anchor/drowned_anchor_A/drowned_anchor_A.info.darkest
monsters/drowned_anchor/drowned_anchor_B/drowned_anchor_B.info.darkest
monsters/drowned_anchor/drowned_anchor_C/drowned_anchor_C.info.darkest
monsters/gatekeeper/gatekeeper_A/gatekeeper_A.info.darkest
monsters/gatekeeper/gatekeeper_B/gatekeeper_B.info.darkest
monsters/gatekeeper/gatekeeper_C/gatekeeper_C.info.darkest
monsters/siren/siren_A/siren_A.info.darkest
monsters/siren/siren_B/siren_B.info.darkest
monsters/siren/siren_C/siren_C.info.darkest
monsters/skeleton_knight/anim.unused/skeleton_knight.sprite.attack_mace.atlas
monsters/skeleton_knight/anim.unused/skeleton_knight.sprite.attack_mace.png
monsters/skeleton_knight/anim.unused/skeleton_knight.sprite.attack_mace.skel
monsters/skeleton_knight/anim.unused/skeleton_knight.sprite.attack_ranged.atlas
monsters/skeleton_knight/anim.unused/skeleton_knight.sprite.attack_ranged.png
monsters/skeleton_knight/anim.unused/skeleton_knight.sprite.attack_ranged.skel
monsters/skeleton_knight/anim.unused/skeleton_knight.sprite.attack_shout.atlas
monsters/skeleton_knight/anim.unused/skeleton_knight.sprite.attack_shout.png
monsters/skeleton_knight/anim.unused/skeleton_knight.sprite.attack_shout.skel
monsters/skeleton_knight/anim.unused/skeleton_knight.sprite.combat.atlas
monsters/skeleton_knight/anim.unused/skeleton_knight.sprite.combat.png
monsters/skeleton_knight/anim.unused/skeleton_knight.sprite.combat.skel
monsters/skeleton_knight/anim.unused/skeleton_knight.sprite.defend.atlas
monsters/skeleton_knight/anim.unused/skeleton_knight.sprite.defend.png
monsters/skeleton_knight/anim.unused/skeleton_knight.sprite.defend.skel
monsters/skeleton_knight/anim/skeleton_knight.sprite.attack_mace.atlas
monsters/skeleton_knight/anim/skeleton_knight.sprite.attack_mace.png
monsters/skeleton_knight/anim/skeleton_knight.sprite.attack_mace.skel
monsters/skeleton_knight/anim/skeleton_knight.sprite.attack_ranged.atlas
monsters/skeleton_knight/anim/skeleton_knight.sprite.attack_ranged.png
monsters/skeleton_knight/anim/skeleton_knight.sprite.attack_ranged.skel
monsters/skeleton_knight/anim/skeleton_knight.sprite.attack_shout.atlas
monsters/skeleton_knight/anim/skeleton_knight.sprite.attack_shout.png
monsters/skeleton_knight/anim/skeleton_knight.sprite.attack_shout.skel
monsters/skeleton_knight/anim/skeleton_knight.sprite.combat.atlas
monsters/skeleton_knight/anim/skeleton_knight.sprite.combat.png
monsters/skeleton_knight/anim/skeleton_knight.sprite.combat.skel
monsters/skeleton_knight/anim/skeleton_knight.sprite.defend.atlas
monsters/skeleton_knight/anim/skeleton_knight.sprite.defend.png
monsters/skeleton_knight/anim/skeleton_knight.sprite.defend.skel
monsters/skeleton_knight/fx/skeleton_knight.sprite.bellow.atlas
monsters/skeleton_knight/fx/skeleton_knight.sprite.bellow.png
monsters/skeleton_knight/fx/skeleton_knight.sprite.bellow.skel
monsters/skeleton_knight/fx/skeleton_knight.sprite.bolster.atlas
monsters/skeleton_knight/fx/skeleton_knight.sprite.bolster.png
monsters/skeleton_knight/fx/skeleton_knight.sprite.bolster.skel
monsters/skeleton_knight/fx/skeleton_knight.sprite.command.atlas
monsters/skeleton_knight/fx/skeleton_knight.sprite.command.png
monsters/skeleton_knight/fx/skeleton_knight.sprite.command.skel
monsters/skeleton_knight/fx/skeleton_knight.sprite.crush.atlas
monsters/skeleton_knight/fx/skeleton_knight.sprite.crush.png
monsters/skeleton_knight/fx/skeleton_knight.sprite.crush.skel
monsters/skeleton_knight/fx/skeleton_knight.sprite.defender.atlas
monsters/skeleton_knight/fx/skeleton_knight.sprite.defender.png
monsters/skeleton_knight/fx/skeleton_knight.sprite.defender.skel
monsters/skeleton_knight/fx/skeleton_knight.sprite.rampart.atlas
monsters/skeleton_knight/fx/skeleton_knight.sprite.rampart.png
monsters/skeleton_knight/fx/skeleton_knight.sprite.rampart.skel
monsters/skeleton_knight/fx/skeleton_knight.sprite.retribution.atlas
monsters/skeleton_knight/fx/skeleton_knight.sprite.retribution.png
monsters/skeleton_knight/fx/skeleton_knight.sprite.retribution.skel
monsters/skeleton_knight/fx/skeleton_knight.sprite.riposte.atlas
monsters/skeleton_knight/fx/skeleton_knight.sprite.riposte.png
monsters/skeleton_knight/fx/skeleton_knight.sprite.riposte.skel
monsters/skeleton_knight/skeleton_knight_G/skeleton_knight_G.art.darkest
monsters/skeleton_knight/skeleton_knight_G/skeleton_knight_G.info.darkest
monsters/skeleton_knight/skeleton_knight_G/tint.png
panels/icons_equip/estate/inv_estate+ainz_soul_essence.png
panels/icons_equip/supply/inv_supply+ainz_CMU.png
panels/icons_equip/supply/inv_supply+ainz_CMU_E.png
panels/icons_equip/supply/inv_supply+ainz_CMU_XP.png
panels/icons_equip/supply/inv_supply+ainz_DT.png
panels/icons_equip/supply/inv_supply+ainz_DT_E.png
panels/icons_equip/supply/inv_supply+ainz_DT_XP.png
panels/icons_equip/supply/inv_supply+ainz_EB.png
panels/icons_equip/supply/inv_supply+ainz_EB_E.png
panels/icons_equip/supply/inv_supply+ainz_EB_XP.png
panels/icons_equip/supply/inv_supply+ainz_F.png
panels/icons_equip/supply/inv_supply+ainz_F_E.png
panels/icons_equip/supply/inv_supply+ainz_F_XP.png
panels/icons_equip/supply/inv_supply+ainz_I.png
panels/icons_equip/supply/inv_supply+ainz_I_E.png
panels/icons_equip/supply/inv_supply+ainz_I_XP.png
panels/icons_equip/supply/inv_supply+ainz_TMM.png
panels/icons_equip/supply/inv_supply+ainz_TMM_E.png
panels/icons_equip/supply/inv_supply+ainz_TMM_XP.png
panels/icons_equip/supply/inv_supply+ainz_fake_AG.png
panels/icons_equip/supply/inv_supply+ainz_fake_AG_E.png
panels/icons_equip/supply/inv_supply+ainz_fake_AT.png
panels/icons_equip/supply/inv_supply+ainz_fake_AT_E.png
panels/icons_equip/supply/inv_supply+ainz_fake_DNS.png
panels/icons_equip/supply/inv_supply+ainz_fake_DNS_E.png
panels/icons_equip/supply/inv_supply+ainz_fake_FSIFW.png
panels/icons_equip/supply/inv_supply+ainz_fake_FSIFW_E.png
panels/icons_equip/supply/inv_supply+ainz_fake_HB.png
panels/icons_equip/supply/inv_supply+ainz_fake_HB_E.png
panels/icons_equip/supply/inv_supply+ainz_fake_SBEF.png
panels/icons_equip/supply/inv_supply+ainz_fake_SBEF_E.png
panels/icons_equip/supply/inv_supply+ainz_fake_TM8.png
panels/icons_equip/supply/inv_supply+ainz_fake_TM8_E.png
panels/icons_equip/trinket/inv_trinket+ainz_amaterasu_tsukuyomi.png
panels/icons_equip/trinket/inv_trinket+ainz_avarice_generosity.png
panels/icons_equip/trinket/inv_trinket+ainz_depiction_nature_society.png
panels/icons_equip/trinket/inv_trinket+ainz_female_sensei_iron_fist_wraith.png
panels/icons_equip/trinket/inv_trinket+ainz_hamusuke.png
panels/icons_equip/trinket/inv_trinket+ainz_houyi_bow.png
panels/icons_equip/trinket/inv_trinket+ainz_minor_healing_potion.png
panels/icons_equip/trinket/inv_trinket+ainz_mirror_remote_viewing.png
panels/icons_equip/trinket/inv_trinket+ainz_suck_blood_eat_flesh.png
panels/icons_equip/trinket/inv_trinket+ainz_takemikazuchi_mk_8.png
panels/icons_equip/trinket/inv_trinket+ainz_ultimate_shooting_star_super.png
panels/icons_equip/trinket/inv_trinket+com_ainz_accursed_orb.png
panels/icons_equip/trinket/rarity_comet.png
panels/icons_equip/trinket/rarity_crimson_court.png
panels/icons_equip/trinket/rarity_hamusuke.png
panels/icons_equip/trinket/rarity_purpose.png
raid/camping/skill_icons/camp_skill_ainz_aura_of_despair.png
raid/camping/skill_icons/camp_skill_ainz_paid_props.png
raid/camping/skill_icons/camp_skill_ainz_scribe_scrolls.png
raid/camping/skill_icons/camp_skill_ainz_world_domination.png
audio/secondary_banks/Cathelia_empty_sound.bank
audio/secondary_banks/GUIDs.txt
campaign/provision/ainz_provision.json
campaign/town_events/ainz.town_events.events.json
fx/ainz_CMU/ainz_CMU.sprite.atlas
fx/ainz_CMU/ainz_CMU.sprite.png
fx/ainz_CMU/ainz_CMU.sprite.skel
fx/ainz_DT/ainz_DT.sprite.atlas
fx/ainz_DT/ainz_DT.sprite.png
fx/ainz_DT/ainz_DT.sprite.skel
fx/ainz_DT_E/ainz_DT_E.sprite.atlas
fx/ainz_DT_E/ainz_DT_E.sprite.png
fx/ainz_DT_E/ainz_DT_E.sprite.skel
fx/ainz_DT_XP/ainz_DT_XP.sprite.atlas
fx/ainz_DT_XP/ainz_DT_XP.sprite.png
fx/ainz_DT_XP/ainz_DT_XP.sprite.skel
fx/ainz_EB/ainz_EB.sprite.atlas
fx/ainz_EB/ainz_EB.sprite.png
fx/ainz_EB/ainz_EB.sprite.skel
fx/ainz_EB_E/ainz_EB_E.sprite.atlas
fx/ainz_EB_E/ainz_EB_E.sprite.png
fx/ainz_EB_E/ainz_EB_E.sprite.skel
fx/ainz_EB_XP/ainz_EB_XP.sprite.atlas
fx/ainz_EB_XP/ainz_EB_XP.sprite.png
fx/ainz_EB_XP/ainz_EB_XP.sprite.skel
fx/ainz_F/ainz_F.sprite.atlas
fx/ainz_F/ainz_F.sprite.png
fx/ainz_F/ainz_F.sprite.skel
fx/ainz_F_E/ainz_F_E.sprite.atlas
fx/ainz_F_E/ainz_F_E.sprite.png
fx/ainz_F_E/ainz_F_E.sprite.skel
fx/ainz_F_XP/ainz_F_XP.sprite.atlas
fx/ainz_F_XP/ainz_F_XP.sprite.png
fx/ainz_F_XP/ainz_F_XP.sprite.skel
fx/ainz_I/ainz_I.sprite.atlas
fx/ainz_I/ainz_I.sprite.png
fx/ainz_I/ainz_I.sprite.skel
fx/ainz_I_E/ainz_I_E.sprite.atlas
fx/ainz_I_E/ainz_I_E.sprite.png
fx/ainz_I_E/ainz_I_E.sprite.skel
fx/ainz_I_XP/ainz_I_XP.sprite.atlas
fx/ainz_I_XP/ainz_I_XP.sprite.png
fx/ainz_I_XP/ainz_I_XP.sprite.skel
fx/ainz_TMM/ainz_TMM.sprite.atlas
fx/ainz_TMM/ainz_TMM.sprite.png
fx/ainz_TMM/ainz_TMM.sprite.skel
fx/ainz_TMM_E/ainz_TMM_E.sprite.atlas
fx/ainz_TMM_E/ainz_TMM_E.sprite.png
fx/ainz_TMM_E/ainz_TMM_E.sprite.skel
fx/ainz_TMM_XP/ainz_TMM_XP.sprite.atlas
fx/ainz_TMM_XP/ainz_TMM_XP.sprite.png
fx/ainz_TMM_XP/ainz_TMM_XP.sprite.skel
fx/ainz_fake_AG/ainz_fake_AG.sprite.atlas
fx/ainz_fake_AG/ainz_fake_AG.sprite.png
fx/ainz_fake_AG/ainz_fake_AG.sprite.skel
fx/ainz_fake_AG_E/ainz_fake_AG_E.sprite.atlas
fx/ainz_fake_AG_E/ainz_fake_AG_E.sprite.png
fx/ainz_fake_AG_E/ainz_fake_AG_E.sprite.skel
fx/ainz_fake_AT/ainz_fake_AT.sprite.atlas
fx/ainz_fake_AT/ainz_fake_AT.sprite.png
fx/ainz_fake_AT/ainz_fake_AT.sprite.skel
fx/ainz_fake_AT_E/ainz_fake_AT_E.sprite.atlas
fx/ainz_fake_AT_E/ainz_fake_AT_E.sprite.png
fx/ainz_fake_AT_E/ainz_fake_AT_E.sprite.skel
fx/ainz_fake_DNS/ainz_fake_DNS.sprite.atlas
fx/ainz_fake_DNS/ainz_fake_DNS.sprite.png
fx/ainz_fake_DNS/ainz_fake_DNS.sprite.skel
fx/ainz_fake_DNS_E/ainz_fake_DNS_E.sprite.atlas
fx/ainz_fake_DNS_E/ainz_fake_DNS_E.sprite.png
fx/ainz_fake_DNS_E/ainz_fake_DNS_E.sprite.skel
fx/ainz_fake_FSIFW/ainz_fake_FSIFW.sprite.atlas
fx/ainz_fake_FSIFW/ainz_fake_FSIFW.sprite.png
fx/ainz_fake_FSIFW/ainz_fake_FSIFW.sprite.skel
fx/ainz_fake_FSIFW_E/ainz_fake_FSIFW_E.sprite.atlas
fx/ainz_fake_FSIFW_E/ainz_fake_FSIFW_E.sprite.png
fx/ainz_fake_FSIFW_E/ainz_fake_FSIFW_E.sprite.skel
fx/ainz_fake_HB/ainz_fake_HB.sprite.atlas
fx/ainz_fake_HB/ainz_fake_HB.sprite.png
fx/ainz_fake_HB/ainz_fake_HB.sprite.skel
fx/ainz_fake_HB_E/ainz_fake_HB_E.sprite.atlas
fx/ainz_fake_HB_E/ainz_fake_HB_E.sprite.png
fx/ainz_fake_HB_E/ainz_fake_HB_E.sprite.skel
fx/ainz_fake_SBEF/ainz_fake_SBEF.sprite.atlas
fx/ainz_fake_SBEF/ainz_fake_SBEF.sprite.png
fx/ainz_fake_SBEF/ainz_fake_SBEF.sprite.skel
fx/ainz_fake_SBEF_E/ainz_fake_SBEF_E.sprite.atlas
fx/ainz_fake_SBEF_E/ainz_fake_SBEF_E.sprite.png
fx/ainz_fake_SBEF_E/ainz_fake_SBEF_E.sprite.skel
fx/ainz_fake_TM8/ainz_fake_TM8.sprite.atlas
fx/ainz_fake_TM8/ainz_fake_TM8.sprite.png
fx/ainz_fake_TM8/ainz_fake_TM8.sprite.skel
fx/ainz_fake_TM8_E/ainz_fake_TM8_E.sprite.atlas
fx/ainz_fake_TM8_E/ainz_fake_TM8_E.sprite.png
fx/ainz_fake_TM8_E/ainz_fake_TM8_E.sprite.skel
fx/ainz_soul_essence/ainz_soul_essence.sprite.atlas
fx/ainz_soul_essence/ainz_soul_essence.sprite.png
fx/ainz_soul_essence/ainz_soul_essence.sprite.skel
fx/town_district_nazarick/town_district_nazarick.sprite.atlas
fx/town_district_nazarick/town_district_nazarick.sprite.png
fx/town_district_nazarick/town_district_nazarick.sprite.skel
fx/town_event_first_overlord/town_event_first_overlord.sprite.atlas
fx/town_event_first_overlord/town_event_first_overlord.sprite.png
fx/town_event_first_overlord/town_event_first_overlord.sprite.skel
heroes/ainz/ainz.ability.eight.png
heroes/ainz/ainz.ability.five.png
heroes/ainz/ainz.ability.four.png
heroes/ainz/ainz.ability.nine.png
heroes/ainz/ainz.ability.noteA.png
heroes/ainz/ainz.ability.noteB.png
heroes/ainz/ainz.ability.noteC.png
heroes/ainz/ainz.ability.one.png
heroes/ainz/ainz.ability.seven.png
heroes/ainz/ainz.ability.six.png
heroes/ainz/ainz.ability.ten.png
heroes/ainz/ainz.ability.three.png
heroes/ainz/ainz.ability.two.png
heroes/ainz/ainz.art.darkest
heroes/ainz/ainz.info.darkest
heroes/ainz/ainz_guild_header.png
heroes/ainz/ainz_portrait_roster.png
monsters/skeleton_knight/anim.unused/
raid/actor_dot/ainz_teleport.actor_dot.json.unused
raid/ai/ainz.monster_brains.json
raid/camping/ainz.camping_skills.json
shared/buffs/ainz.buffs.json
shared/buffs/ainz_building.buffs.json
shared/buffs/ainz_supply.buffs.json
shared/buffs/ainz_tooltips.buffs.json
shared/buffs/ainz_trinkets.buffs.json
shared/quirk/ainz.quirk_library.json
upgrades/heroes/ainz.upgrades.json
audio/ainz.campaign.guid_overrides.json
audio/ainz.campaign.load_order.json
colours/ainz.colours.darkest
colours/color_madness.trait_colour_grade.png
colours/com.colours.darkest
colours/crimson_court.colours.darkest
colours/shieldbreaker.colours.darkest
effects/ainz.effects.darkest
effects/ainz_com.effects.darkest
inventory/ainz.estate.inventory.items.darkest
inventory/ainz.inventory.system_configs.darkest
inventory/ainz.supply.inventory.items.darkest
localization/2265563218_brazilian.loc2
localization/2265563218_czech.loc2
localization/2265563218_english.loc2
localization/2265563218_french.loc2
localization/2265563218_german.loc2
localization/2265563218_italian.loc2
localization/2265563218_japanese.loc2
localization/2265563218_koreana.loc2
localization/2265563218_koreanb.loc2
localization/2265563218_polish.loc2
localization/2265563218_russian.loc2
localization/2265563218_schinese.loc2
localization/2265563218_spanish.loc2
localization/ainz.string_table.xml
localization/ainz_brazilian.string_table.xml
localization/ainz_czech.string_table.xml
localization/ainz_french.string_table.xml
localization/ainz_german.string_table.xml
localization/ainz_italian.string_table.xml
localization/ainz_japanese.string_table.xml
localization/ainz_koreana.string_table.xml
localization/ainz_koreanb.string_table.xml
localization/ainz_polish.string_table.xml
localization/ainz_russian.string_table.xml
localization/ainz_schinese.string_table.xml
localization/ainz_spanish.string_table.xml
